{"message":"Route found for /_default/ : controllers\\IndexController/index","context":{"context":"Router","part":"getRouteUrlParts","extra":null},"level":200,"level_name":"INFO","channel":"s5fc4a2ec7c61e","datetime":"2020-11-30T08:45:11.561660+01:00","extra":{}}
{"message":"SELECT COUNT(*) FROM `answer`","context":{"context":"Database","part":"prepareAndFetchColumn","extra":null},"level":200,"level_name":"INFO","channel":"s5fc4a2ec7c61e","datetime":"2020-11-30T08:46:32.698524+01:00","extra":{}}
{"message":"SELECT COUNT(*) FROM `exam`","context":{"context":"Database","part":"prepareAndFetchColumn","extra":null},"level":200,"level_name":"INFO","channel":"s5fc4a2ec7c61e","datetime":"2020-11-30T08:46:32.701487+01:00","extra":{}}
{"message":"SELECT COUNT(*) FROM `examoption`","context":{"context":"Database","part":"prepareAndFetchColumn","extra":null},"level":200,"level_name":"INFO","channel":"s5fc4a2ec7c61e","datetime":"2020-11-30T08:46:32.702248+01:00","extra":{}}
{"message":"SELECT COUNT(*) FROM `group`","context":{"context":"Database","part":"prepareAndFetchColumn","extra":null},"level":200,"level_name":"INFO","channel":"s5fc4a2ec7c61e","datetime":"2020-11-30T08:46:32.704800+01:00","extra":{}}
{"message":"SELECT COUNT(*) FROM `option`","context":{"context":"Database","part":"prepareAndFetchColumn","extra":null},"level":200,"level_name":"INFO","channel":"s5fc4a2ec7c61e","datetime":"2020-11-30T08:46:32.705494+01:00","extra":{}}
{"message":"SELECT COUNT(*) FROM `qcm`","context":{"context":"Database","part":"prepareAndFetchColumn","extra":null},"level":200,"level_name":"INFO","channel":"s5fc4a2ec7c61e","datetime":"2020-11-30T08:46:32.706150+01:00","extra":{}}
{"message":"SELECT COUNT(*) FROM `question`","context":{"context":"Database","part":"prepareAndFetchColumn","extra":null},"level":200,"level_name":"INFO","channel":"s5fc4a2ec7c61e","datetime":"2020-11-30T08:46:32.706872+01:00","extra":{}}
{"message":"SELECT COUNT(*) FROM `tag`","context":{"context":"Database","part":"prepareAndFetchColumn","extra":null},"level":200,"level_name":"INFO","channel":"s5fc4a2ec7c61e","datetime":"2020-11-30T08:46:32.707543+01:00","extra":{}}
{"message":"SELECT COUNT(*) FROM `user`","context":{"context":"Database","part":"prepareAndFetchColumn","extra":null},"level":200,"level_name":"INFO","channel":"s5fc4a2ec7c61e","datetime":"2020-11-30T08:46:32.708249+01:00","extra":{}}
{"message":"SELECT COUNT(*) FROM `useranswer`","context":{"context":"Database","part":"prepareAndFetchColumn","extra":null},"level":200,"level_name":"INFO","channel":"s5fc4a2ec7c61e","datetime":"2020-11-30T08:46:32.708911+01:00","extra":{}}
{"message":"SELECT COUNT(*) FROM `usergroup`","context":{"context":"Database","part":"prepareAndFetchColumn","extra":null},"level":200,"level_name":"INFO","channel":"s5fc4a2ec7c61e","datetime":"2020-11-30T08:46:32.709568+01:00","extra":{}}
{"message":"SELECT COUNT(*) FROM `answer`","context":{"context":"Database","part":"prepareAndFetchColumn","extra":null},"level":200,"level_name":"INFO","channel":"s5fc4a2ec7c61e","datetime":"2020-11-30T08:48:03.164999+01:00","extra":{}}
{"message":"SELECT COUNT(*) FROM `exam`","context":{"context":"Database","part":"prepareAndFetchColumn","extra":null},"level":200,"level_name":"INFO","channel":"s5fc4a2ec7c61e","datetime":"2020-11-30T08:48:03.167393+01:00","extra":{}}
{"message":"SELECT COUNT(*) FROM `examoption`","context":{"context":"Database","part":"prepareAndFetchColumn","extra":null},"level":200,"level_name":"INFO","channel":"s5fc4a2ec7c61e","datetime":"2020-11-30T08:48:03.168119+01:00","extra":{}}
{"message":"SELECT COUNT(*) FROM `group`","context":{"context":"Database","part":"prepareAndFetchColumn","extra":null},"level":200,"level_name":"INFO","channel":"s5fc4a2ec7c61e","datetime":"2020-11-30T08:48:03.168792+01:00","extra":{}}
{"message":"SELECT COUNT(*) FROM `option`","context":{"context":"Database","part":"prepareAndFetchColumn","extra":null},"level":200,"level_name":"INFO","channel":"s5fc4a2ec7c61e","datetime":"2020-11-30T08:48:03.169407+01:00","extra":{}}
{"message":"SELECT COUNT(*) FROM `qcm`","context":{"context":"Database","part":"prepareAndFetchColumn","extra":null},"level":200,"level_name":"INFO","channel":"s5fc4a2ec7c61e","datetime":"2020-11-30T08:48:03.170043+01:00","extra":{}}
{"message":"SELECT COUNT(*) FROM `question`","context":{"context":"Database","part":"prepareAndFetchColumn","extra":null},"level":200,"level_name":"INFO","channel":"s5fc4a2ec7c61e","datetime":"2020-11-30T08:48:03.170754+01:00","extra":{}}
{"message":"SELECT COUNT(*) FROM `tag`","context":{"context":"Database","part":"prepareAndFetchColumn","extra":null},"level":200,"level_name":"INFO","channel":"s5fc4a2ec7c61e","datetime":"2020-11-30T08:48:03.171307+01:00","extra":{}}
{"message":"SELECT COUNT(*) FROM `user`","context":{"context":"Database","part":"prepareAndFetchColumn","extra":null},"level":200,"level_name":"INFO","channel":"s5fc4a2ec7c61e","datetime":"2020-11-30T08:48:03.171855+01:00","extra":{}}
{"message":"SELECT COUNT(*) FROM `useranswer`","context":{"context":"Database","part":"prepareAndFetchColumn","extra":null},"level":200,"level_name":"INFO","channel":"s5fc4a2ec7c61e","datetime":"2020-11-30T08:48:03.172388+01:00","extra":{}}
{"message":"SELECT COUNT(*) FROM `usergroup`","context":{"context":"Database","part":"prepareAndFetchColumn","extra":null},"level":200,"level_name":"INFO","channel":"s5fc4a2ec7c61e","datetime":"2020-11-30T08:48:03.172914+01:00","extra":{}}
{"message":"Route found for /QuestionController/(index/)? : controllers\\QuestionController/index","context":{"context":"Router","part":"getRouteUrlParts","extra":null},"level":200,"level_name":"INFO","channel":"s5fc4a2ec7c61e","datetime":"2020-11-30T08:50:06.845564+01:00","extra":{}}
{"message":"SELECT COUNT(*) FROM `question` WHERE 1=1","context":{"context":"Database","part":"prepareAndFetchColumn","extra":null},"level":200,"level_name":"INFO","channel":"s5fc4a2ec7c61e","datetime":"2020-11-30T08:50:06.887005+01:00","extra":{}}
{"message":"Route found for /QuestionController/(index/)? : controllers\\QuestionController/index","context":{"context":"Router","part":"getRouteUrlParts","extra":null},"level":200,"level_name":"INFO","channel":"s5fc4a2ec7c61e","datetime":"2020-11-30T08:50:35.037585+01:00","extra":{}}
{"message":"SELECT COUNT(*) FROM `question` WHERE 1=1","context":{"context":"Database","part":"prepareAndFetchColumn","extra":null},"level":200,"level_name":"INFO","channel":"s5fc4a2ec7c61e","datetime":"2020-11-30T08:50:35.073761+01:00","extra":{}}
{"message":"Route found for /QuestionController/newModel/(.*?) : controllers\\QuestionController/newModel","context":{"context":"Router","part":"getRouteUrlParts","extra":null},"level":200,"level_name":"INFO","channel":"s5fc4a2ec7c61e","datetime":"2020-11-30T08:50:42.413356+01:00","extra":{}}
{"message":"Route found for /QuestionController/updateModel/ : controllers\\QuestionController/updateModel","context":{"context":"Router","part":"getRouteUrlParts","extra":null},"level":200,"level_name":"INFO","channel":"s5fc4a2ec7c61e","datetime":"2020-11-30T08:51:27.733626+01:00","extra":{}}
{"message":"INSERT INTO `question` (`id`,`caption`,`points`,`tags`) VALUES(:id,:caption,:points,:tags)","context":{"context":"DAOUpdates","part":"insert","extra":null},"level":200,"level_name":"INFO","channel":"s5fc4a2ec7c61e","datetime":"2020-11-30T08:51:27.774784+01:00","extra":{}}
{"message":"{\"id\":\"1\",\"caption\":\"La question est-elle vite r\\u00e9pondu ?\",\"points\":\"50%\",\"tags\":\"Pop\"}","context":{"context":"DAOUpdates","part":"Key and values","extra":null},"level":200,"level_name":"INFO","channel":"s5fc4a2ec7c61e","datetime":"2020-11-30T08:51:27.774831+01:00","extra":{}}
{"message":"Route found for /QuestionController/refreshTable/(.*?) : controllers\\QuestionController/refreshTable","context":{"context":"Router","part":"getRouteUrlParts","extra":null},"level":200,"level_name":"INFO","channel":"s5fc4a2ec7c61e","datetime":"2020-11-30T08:51:27.875614+01:00","extra":{}}
{"message":"SELECT COUNT(*) FROM `question` WHERE 1=1","context":{"context":"Database","part":"prepareAndFetchColumn","extra":null},"level":200,"level_name":"INFO","channel":"s5fc4a2ec7c61e","datetime":"2020-11-30T08:51:27.911918+01:00","extra":{}}
{"message":"Route found for /QuestionController/(index/)? : controllers\\QuestionController/index","context":{"context":"Router","part":"getRouteUrlParts","extra":null},"level":200,"level_name":"INFO","channel":"s5fc4a2ec7c61e","datetime":"2020-11-30T08:51:47.241406+01:00","extra":{}}
{"message":"SELECT COUNT(*) FROM `question` WHERE 1=1","context":{"context":"Database","part":"prepareAndFetchColumn","extra":null},"level":200,"level_name":"INFO","channel":"s5fc4a2ec7c61e","datetime":"2020-11-30T08:51:47.309632+01:00","extra":{}}
{"message":"The controller `controllers\\qcm` doesn't exists! <br/>","context":{"context":"Startup","part":"runAction","extra":null},"level":300,"level_name":"WARNING","channel":"s5fc4a2ec7c61e","datetime":"2020-11-30T08:52:34.826941+01:00","extra":{}}
{"message":"Route found for /Qcm/(index/)? : controllers\\QcmController/index","context":{"context":"Router","part":"getRouteUrlParts","extra":null},"level":200,"level_name":"INFO","channel":"s5fc4a2ec7c61e","datetime":"2020-11-30T08:52:38.439985+01:00","extra":{}}
{"message":"SELECT COUNT(*) FROM `qcm` WHERE 1=1","context":{"context":"Database","part":"prepareAndFetchColumn","extra":null},"level":200,"level_name":"INFO","channel":"s5fc4a2ec7c61e","datetime":"2020-11-30T08:52:38.514138+01:00","extra":{}}
{"message":"Route found for /Qcm/newModel/(.*?) : controllers\\QcmController/newModel","context":{"context":"Router","part":"getRouteUrlParts","extra":null},"level":200,"level_name":"INFO","channel":"s5fc4a2ec7c61e","datetime":"2020-11-30T08:52:41.718279+01:00","extra":{}}
{"message":"Route found for /Qcm/updateModel/ : controllers\\QcmController/updateModel","context":{"context":"Router","part":"getRouteUrlParts","extra":null},"level":200,"level_name":"INFO","channel":"s5fc4a2ec7c61e","datetime":"2020-11-30T08:53:48.377501+01:00","extra":{}}
{"message":"INSERT INTO `qcm` (`id`,`name`,`description`,`cdate`,`status`) VALUES(:id,:name,:description,:cdate,:status)","context":{"context":"DAOUpdates","part":"insert","extra":null},"level":200,"level_name":"INFO","channel":"s5fc4a2ec7c61e","datetime":"2020-11-30T08:53:48.419168+01:00","extra":{}}
{"message":"{\"id\":\"1\",\"name\":\"Evaluation Culture G\",\"description\":\"Test tes connaissances en Culture g\\u00e9n\\u00e9rale\",\"cdate\":\"2020-11-30T08:54\",\"status\":\"Oui ?\"}","context":{"context":"DAOUpdates","part":"Key and values","extra":null},"level":200,"level_name":"INFO","channel":"s5fc4a2ec7c61e","datetime":"2020-11-30T08:53:48.419214+01:00","extra":{}}
{"message":"Insertion des valeurs dans la table association 'qcmquestion'","context":{"context":"DAOUpdates","part":"InsertMany","extra":null},"level":200,"level_name":"INFO","channel":"s5fc4a2ec7c61e","datetime":"2020-11-30T08:53:48.435108+01:00","extra":{}}
{"message":"Route found for /Qcm/refreshTable/(.*?) : controllers\\QcmController/refreshTable","context":{"context":"Router","part":"getRouteUrlParts","extra":null},"level":200,"level_name":"INFO","channel":"s5fc4a2ec7c61e","datetime":"2020-11-30T08:53:48.526089+01:00","extra":{}}
{"message":"SELECT COUNT(*) FROM `qcm` WHERE 1=1","context":{"context":"Database","part":"prepareAndFetchColumn","extra":null},"level":200,"level_name":"INFO","channel":"s5fc4a2ec7c61e","datetime":"2020-11-30T08:53:48.560181+01:00","extra":{}}
{"message":"The controller `controllers\\qcm` doesn't exists! <br/>","context":{"context":"Startup","part":"runAction","extra":null},"level":300,"level_name":"WARNING","channel":"s5fc4a2ec7c61e","datetime":"2020-11-30T08:53:55.574917+01:00","extra":{}}
{"message":"The controller `controllers\\QuesyionController` doesn't exists! <br/>","context":{"context":"Startup","part":"runAction","extra":null},"level":300,"level_name":"WARNING","channel":"s5fc4a2ec7c61e","datetime":"2020-11-30T08:54:15.394698+01:00","extra":{}}
{"message":"Route found for /QuestionController/(index/)? : controllers\\QuestionController/index","context":{"context":"Router","part":"getRouteUrlParts","extra":null},"level":200,"level_name":"INFO","channel":"s5fc4a2ec7c61e","datetime":"2020-11-30T08:54:19.189515+01:00","extra":{}}
{"message":"SELECT COUNT(*) FROM `question` WHERE 1=1","context":{"context":"Database","part":"prepareAndFetchColumn","extra":null},"level":200,"level_name":"INFO","channel":"s5fc4a2ec7c61e","datetime":"2020-11-30T08:54:19.259735+01:00","extra":{}}
{"message":"Route found for /QuestionController/edit/(.*?) : controllers\\QuestionController/edit","context":{"context":"Router","part":"getRouteUrlParts","extra":null},"level":200,"level_name":"INFO","channel":"s5fc4a2ec7c61e","datetime":"2020-11-30T08:54:20.937448+01:00","extra":{}}
{"message":"SELECT COUNT(*) FROM `answer`","context":{"context":"Database","part":"prepareAndFetchColumn","extra":null},"level":200,"level_name":"INFO","channel":"s5fc4a2ec7c61e","datetime":"2020-11-30T08:54:57.363868+01:00","extra":{}}
{"message":"SELECT COUNT(*) FROM `exam`","context":{"context":"Database","part":"prepareAndFetchColumn","extra":null},"level":200,"level_name":"INFO","channel":"s5fc4a2ec7c61e","datetime":"2020-11-30T08:54:57.366379+01:00","extra":{}}
{"message":"SELECT COUNT(*) FROM `examoption`","context":{"context":"Database","part":"prepareAndFetchColumn","extra":null},"level":200,"level_name":"INFO","channel":"s5fc4a2ec7c61e","datetime":"2020-11-30T08:54:57.366953+01:00","extra":{}}
{"message":"SELECT COUNT(*) FROM `group`","context":{"context":"Database","part":"prepareAndFetchColumn","extra":null},"level":200,"level_name":"INFO","channel":"s5fc4a2ec7c61e","datetime":"2020-11-30T08:54:57.367522+01:00","extra":{}}
{"message":"SELECT COUNT(*) FROM `option`","context":{"context":"Database","part":"prepareAndFetchColumn","extra":null},"level":200,"level_name":"INFO","channel":"s5fc4a2ec7c61e","datetime":"2020-11-30T08:54:57.368074+01:00","extra":{}}
{"message":"SELECT COUNT(*) FROM `qcm`","context":{"context":"Database","part":"prepareAndFetchColumn","extra":null},"level":200,"level_name":"INFO","channel":"s5fc4a2ec7c61e","datetime":"2020-11-30T08:54:57.368653+01:00","extra":{}}
{"message":"SELECT COUNT(*) FROM `question`","context":{"context":"Database","part":"prepareAndFetchColumn","extra":null},"level":200,"level_name":"INFO","channel":"s5fc4a2ec7c61e","datetime":"2020-11-30T08:54:57.369224+01:00","extra":{}}
{"message":"SELECT COUNT(*) FROM `tag`","context":{"context":"Database","part":"prepareAndFetchColumn","extra":null},"level":200,"level_name":"INFO","channel":"s5fc4a2ec7c61e","datetime":"2020-11-30T08:54:57.369777+01:00","extra":{}}
{"message":"SELECT COUNT(*) FROM `user`","context":{"context":"Database","part":"prepareAndFetchColumn","extra":null},"level":200,"level_name":"INFO","channel":"s5fc4a2ec7c61e","datetime":"2020-11-30T08:54:57.370398+01:00","extra":{}}
{"message":"SELECT COUNT(*) FROM `useranswer`","context":{"context":"Database","part":"prepareAndFetchColumn","extra":null},"level":200,"level_name":"INFO","channel":"s5fc4a2ec7c61e","datetime":"2020-11-30T08:54:57.370952+01:00","extra":{}}
{"message":"SELECT COUNT(*) FROM `usergroup`","context":{"context":"Database","part":"prepareAndFetchColumn","extra":null},"level":200,"level_name":"INFO","channel":"s5fc4a2ec7c61e","datetime":"2020-11-30T08:54:57.371478+01:00","extra":{}}
{"message":"The controller `controllers\\Question` doesn't exists! <br/>","context":{"context":"Startup","part":"runAction","extra":null},"level":300,"level_name":"WARNING","channel":"s5fc4a2ec7c61e","datetime":"2020-11-30T08:58:08.004088+01:00","extra":{}}
{"message":"The controller `controllers\\Questions` doesn't exists! <br/>","context":{"context":"Startup","part":"runAction","extra":null},"level":300,"level_name":"WARNING","channel":"s5fc4a2ec7c61e","datetime":"2020-11-30T08:58:11.971835+01:00","extra":{}}
{"message":"The controller `controllers\\Question` doesn't exists! <br/>","context":{"context":"Startup","part":"runAction","extra":null},"level":300,"level_name":"WARNING","channel":"s5fc4a2ec7c61e","datetime":"2020-11-30T08:58:30.362906+01:00","extra":{}}
{"message":"SELECT COUNT(*) FROM `answer`","context":{"context":"Database","part":"prepareAndFetchColumn","extra":null},"level":200,"level_name":"INFO","channel":"s5fc4a2ec7c61e","datetime":"2020-11-30T08:58:34.282988+01:00","extra":{}}
{"message":"SELECT COUNT(*) FROM `exam`","context":{"context":"Database","part":"prepareAndFetchColumn","extra":null},"level":200,"level_name":"INFO","channel":"s5fc4a2ec7c61e","datetime":"2020-11-30T08:58:34.285154+01:00","extra":{}}
{"message":"SELECT COUNT(*) FROM `examoption`","context":{"context":"Database","part":"prepareAndFetchColumn","extra":null},"level":200,"level_name":"INFO","channel":"s5fc4a2ec7c61e","datetime":"2020-11-30T08:58:34.285720+01:00","extra":{}}
{"message":"SELECT COUNT(*) FROM `group`","context":{"context":"Database","part":"prepareAndFetchColumn","extra":null},"level":200,"level_name":"INFO","channel":"s5fc4a2ec7c61e","datetime":"2020-11-30T08:58:34.286280+01:00","extra":{}}
{"message":"SELECT COUNT(*) FROM `option`","context":{"context":"Database","part":"prepareAndFetchColumn","extra":null},"level":200,"level_name":"INFO","channel":"s5fc4a2ec7c61e","datetime":"2020-11-30T08:58:34.286903+01:00","extra":{}}
{"message":"SELECT COUNT(*) FROM `qcm`","context":{"context":"Database","part":"prepareAndFetchColumn","extra":null},"level":200,"level_name":"INFO","channel":"s5fc4a2ec7c61e","datetime":"2020-11-30T08:58:34.287487+01:00","extra":{}}
{"message":"SELECT COUNT(*) FROM `question`","context":{"context":"Database","part":"prepareAndFetchColumn","extra":null},"level":200,"level_name":"INFO","channel":"s5fc4a2ec7c61e","datetime":"2020-11-30T08:58:34.288024+01:00","extra":{}}
{"message":"SELECT COUNT(*) FROM `tag`","context":{"context":"Database","part":"prepareAndFetchColumn","extra":null},"level":200,"level_name":"INFO","channel":"s5fc4a2ec7c61e","datetime":"2020-11-30T08:58:34.288557+01:00","extra":{}}
{"message":"SELECT COUNT(*) FROM `user`","context":{"context":"Database","part":"prepareAndFetchColumn","extra":null},"level":200,"level_name":"INFO","channel":"s5fc4a2ec7c61e","datetime":"2020-11-30T08:58:34.289098+01:00","extra":{}}
{"message":"SELECT COUNT(*) FROM `useranswer`","context":{"context":"Database","part":"prepareAndFetchColumn","extra":null},"level":200,"level_name":"INFO","channel":"s5fc4a2ec7c61e","datetime":"2020-11-30T08:58:34.289583+01:00","extra":{}}
{"message":"SELECT COUNT(*) FROM `usergroup`","context":{"context":"Database","part":"prepareAndFetchColumn","extra":null},"level":200,"level_name":"INFO","channel":"s5fc4a2ec7c61e","datetime":"2020-11-30T08:58:34.290047+01:00","extra":{}}
{"message":"SELECT COUNT(*) FROM `answer`","context":{"context":"Database","part":"prepareAndFetchColumn","extra":null},"level":200,"level_name":"INFO","channel":"s5fc4a2ec7c61e","datetime":"2020-11-30T08:58:53.157633+01:00","extra":{}}
{"message":"SELECT COUNT(*) FROM `exam`","context":{"context":"Database","part":"prepareAndFetchColumn","extra":null},"level":200,"level_name":"INFO","channel":"s5fc4a2ec7c61e","datetime":"2020-11-30T08:58:53.159980+01:00","extra":{}}
{"message":"SELECT COUNT(*) FROM `examoption`","context":{"context":"Database","part":"prepareAndFetchColumn","extra":null},"level":200,"level_name":"INFO","channel":"s5fc4a2ec7c61e","datetime":"2020-11-30T08:58:53.160746+01:00","extra":{}}
{"message":"SELECT COUNT(*) FROM `group`","context":{"context":"Database","part":"prepareAndFetchColumn","extra":null},"level":200,"level_name":"INFO","channel":"s5fc4a2ec7c61e","datetime":"2020-11-30T08:58:53.161486+01:00","extra":{}}
{"message":"SELECT COUNT(*) FROM `option`","context":{"context":"Database","part":"prepareAndFetchColumn","extra":null},"level":200,"level_name":"INFO","channel":"s5fc4a2ec7c61e","datetime":"2020-11-30T08:58:53.162254+01:00","extra":{}}
{"message":"SELECT COUNT(*) FROM `qcm`","context":{"context":"Database","part":"prepareAndFetchColumn","extra":null},"level":200,"level_name":"INFO","channel":"s5fc4a2ec7c61e","datetime":"2020-11-30T08:58:53.162922+01:00","extra":{}}
{"message":"SELECT COUNT(*) FROM `question`","context":{"context":"Database","part":"prepareAndFetchColumn","extra":null},"level":200,"level_name":"INFO","channel":"s5fc4a2ec7c61e","datetime":"2020-11-30T08:58:53.163585+01:00","extra":{}}
{"message":"SELECT COUNT(*) FROM `tag`","context":{"context":"Database","part":"prepareAndFetchColumn","extra":null},"level":200,"level_name":"INFO","channel":"s5fc4a2ec7c61e","datetime":"2020-11-30T08:58:53.164239+01:00","extra":{}}
{"message":"SELECT COUNT(*) FROM `user`","context":{"context":"Database","part":"prepareAndFetchColumn","extra":null},"level":200,"level_name":"INFO","channel":"s5fc4a2ec7c61e","datetime":"2020-11-30T08:58:53.164814+01:00","extra":{}}
{"message":"SELECT COUNT(*) FROM `useranswer`","context":{"context":"Database","part":"prepareAndFetchColumn","extra":null},"level":200,"level_name":"INFO","channel":"s5fc4a2ec7c61e","datetime":"2020-11-30T08:58:53.165357+01:00","extra":{}}
{"message":"SELECT COUNT(*) FROM `usergroup`","context":{"context":"Database","part":"prepareAndFetchColumn","extra":null},"level":200,"level_name":"INFO","channel":"s5fc4a2ec7c61e","datetime":"2020-11-30T08:58:53.165886+01:00","extra":{}}
{"message":"SELECT COUNT(*) FROM `question` WHERE 1=1","context":{"context":"Database","part":"prepareAndFetchColumn","extra":null},"level":200,"level_name":"INFO","channel":"s5fc4a2ec7c61e","datetime":"2020-11-30T08:58:55.257183+01:00","extra":{}}
{"message":"The controller `controllers\\qcms` doesn't exists! <br/>","context":{"context":"Startup","part":"runAction","extra":null},"level":300,"level_name":"WARNING","channel":"s5fc4a2ec7c61e","datetime":"2020-11-30T09:03:10.302070+01:00","extra":{}}
{"message":"Route found for /Qcms/(index/)? : controllers\\QcmController/index","context":{"context":"Router","part":"getRouteUrlParts","extra":null},"level":200,"level_name":"INFO","channel":"s5fc4a2ec7c61e","datetime":"2020-11-30T09:03:15.149684+01:00","extra":{}}
{"message":"SELECT COUNT(*) FROM `qcm` WHERE 1=1","context":{"context":"Database","part":"prepareAndFetchColumn","extra":null},"level":200,"level_name":"INFO","channel":"s5fc4a2ec7c61e","datetime":"2020-11-30T09:03:15.221136+01:00","extra":{}}
{"message":"Route found for /Questions/(index/)? : controllers\\QuestionController/index","context":{"context":"Router","part":"getRouteUrlParts","extra":null},"level":200,"level_name":"INFO","channel":"s5fc4a2ec7c61e","datetime":"2020-11-30T09:03:19.255125+01:00","extra":{}}
{"message":"SELECT COUNT(*) FROM `question` WHERE 1=1","context":{"context":"Database","part":"prepareAndFetchColumn","extra":null},"level":200,"level_name":"INFO","channel":"s5fc4a2ec7c61e","datetime":"2020-11-30T09:03:19.325016+01:00","extra":{}}
{"message":"Route found for /Users/(index/)? : controllers\\UserController/index","context":{"context":"Router","part":"getRouteUrlParts","extra":null},"level":200,"level_name":"INFO","channel":"s5fc4a2ec7c61e","datetime":"2020-11-30T09:03:23.217067+01:00","extra":{}}
{"message":"SELECT COUNT(*) FROM `user` WHERE 1=1","context":{"context":"Database","part":"prepareAndFetchColumn","extra":null},"level":200,"level_name":"INFO","channel":"s5fc4a2ec7c61e","datetime":"2020-11-30T09:03:23.284837+01:00","extra":{}}
{"message":"Route found for /Users/newModel/(.*?) : controllers\\UserController/newModel","context":{"context":"Router","part":"getRouteUrlParts","extra":null},"level":200,"level_name":"INFO","channel":"s5fc4a2ec7c61e","datetime":"2020-11-30T09:03:24.733954+01:00","extra":{}}
{"message":"Route found for /Users/updateModel/ : controllers\\UserController/updateModel","context":{"context":"Router","part":"getRouteUrlParts","extra":null},"level":200,"level_name":"INFO","channel":"s5fc4a2ec7c61e","datetime":"2020-11-30T09:04:42.378502+01:00","extra":{}}
{"message":"INSERT INTO `user` (`id`,`login`,`password`,`firstname`,`lastname`,`email`) VALUES(:id,:login,:password,:firstname,:lastname,:email)","context":{"context":"DAOUpdates","part":"insert","extra":null},"level":200,"level_name":"INFO","channel":"s5fc4a2ec7c61e","datetime":"2020-11-30T09:04:42.424603+01:00","extra":{}}
{"message":"{\"id\":\"1\",\"login\":\"Le Patriarche\",\"password\":\"entre\",\"firstname\":\"Grand\",\"lastname\":\"Patriarche\",\"email\":\"le.Patriarche@gmail.com\"}","context":{"context":"DAOUpdates","part":"Key and values","extra":null},"level":200,"level_name":"INFO","channel":"s5fc4a2ec7c61e","datetime":"2020-11-30T09:04:42.424692+01:00","extra":{}}
{"message":"Route found for /Users/refreshTable/(.*?) : controllers\\UserController/refreshTable","context":{"context":"Router","part":"getRouteUrlParts","extra":null},"level":200,"level_name":"INFO","channel":"s5fc4a2ec7c61e","datetime":"2020-11-30T09:04:42.542559+01:00","extra":{}}
{"message":"SELECT COUNT(*) FROM `user` WHERE 1=1","context":{"context":"Database","part":"prepareAndFetchColumn","extra":null},"level":200,"level_name":"INFO","channel":"s5fc4a2ec7c61e","datetime":"2020-11-30T09:04:42.579282+01:00","extra":{}}
{"message":"Route found for /Qcms/(index/)? : controllers\\QcmController/index","context":{"context":"Router","part":"getRouteUrlParts","extra":null},"level":200,"level_name":"INFO","channel":"s5fc4a2ec7c61e","datetime":"2020-11-30T09:05:04.211714+01:00","extra":{}}
{"message":"SELECT COUNT(*) FROM `qcm` WHERE 1=1","context":{"context":"Database","part":"prepareAndFetchColumn","extra":null},"level":200,"level_name":"INFO","channel":"s5fc4a2ec7c61e","datetime":"2020-11-30T09:05:04.289022+01:00","extra":{}}
{"message":"The controller `controllers\\Qcm` doesn't exists! <br/>","context":{"context":"Startup","part":"runAction","extra":null},"level":300,"level_name":"WARNING","channel":"s5fc4a2ec7c61e","datetime":"2020-11-30T09:05:06.070451+01:00","extra":{}}
{"message":"Route found for /Qcms/(index/)? : controllers\\QcmController/index","context":{"context":"Router","part":"getRouteUrlParts","extra":null},"level":200,"level_name":"INFO","channel":"s5fc4a2ec7c61e","datetime":"2020-11-30T09:05:14.722327+01:00","extra":{}}
{"message":"SELECT COUNT(*) FROM `qcm` WHERE 1=1","context":{"context":"Database","part":"prepareAndFetchColumn","extra":null},"level":200,"level_name":"INFO","channel":"s5fc4a2ec7c61e","datetime":"2020-11-30T09:05:14.793479+01:00","extra":{}}
{"message":"The controller `controllers\\Qcm` doesn't exists! <br/>","context":{"context":"Startup","part":"runAction","extra":null},"level":300,"level_name":"WARNING","channel":"s5fc4a2ec7c61e","datetime":"2020-11-30T09:05:16.294058+01:00","extra":{}}
{"message":"Route found for /Qcms/(index/)? : controllers\\QcmController/index","context":{"context":"Router","part":"getRouteUrlParts","extra":null},"level":200,"level_name":"INFO","channel":"s5fc4a2ec7c61e","datetime":"2020-11-30T09:05:18.209202+01:00","extra":{}}
{"message":"SELECT COUNT(*) FROM `qcm` WHERE 1=1","context":{"context":"Database","part":"prepareAndFetchColumn","extra":null},"level":200,"level_name":"INFO","channel":"s5fc4a2ec7c61e","datetime":"2020-11-30T09:05:18.283031+01:00","extra":{}}
{"message":"Route found for /Qcms/(index/)? : controllers\\QcmController/index","context":{"context":"Router","part":"getRouteUrlParts","extra":null},"level":200,"level_name":"INFO","channel":"s5fc4a2ec7c61e","datetime":"2020-11-30T09:05:28.040384+01:00","extra":{}}
{"message":"SELECT COUNT(*) FROM `qcm` WHERE 1=1","context":{"context":"Database","part":"prepareAndFetchColumn","extra":null},"level":200,"level_name":"INFO","channel":"s5fc4a2ec7c61e","datetime":"2020-11-30T09:05:28.112693+01:00","extra":{}}
{"message":"The controller `controllers\\Qcm` doesn't exists! <br/>","context":{"context":"Startup","part":"runAction","extra":null},"level":300,"level_name":"WARNING","channel":"s5fc4a2ec7c61e","datetime":"2020-11-30T09:05:29.894932+01:00","extra":{}}
{"message":"Route found for /Users/(index/)? : controllers\\UserController/index","context":{"context":"Router","part":"getRouteUrlParts","extra":null},"level":200,"level_name":"INFO","channel":"s5fc4a2ec7c61e","datetime":"2020-11-30T09:05:31.572577+01:00","extra":{}}
{"message":"SELECT COUNT(*) FROM `user` WHERE 1=1","context":{"context":"Database","part":"prepareAndFetchColumn","extra":null},"level":200,"level_name":"INFO","channel":"s5fc4a2ec7c61e","datetime":"2020-11-30T09:05:31.641515+01:00","extra":{}}
{"message":"Route found for /Qcms/(index/)? : controllers\\QcmController/index","context":{"context":"Router","part":"getRouteUrlParts","extra":null},"level":200,"level_name":"INFO","channel":"s5fc4a2ec7c61e","datetime":"2020-11-30T09:07:19.278511+01:00","extra":{}}
{"message":"SELECT COUNT(*) FROM `qcm` WHERE 1=1","context":{"context":"Database","part":"prepareAndFetchColumn","extra":null},"level":200,"level_name":"INFO","channel":"s5fc4a2ec7c61e","datetime":"2020-11-30T09:07:19.346858+01:00","extra":{}}
{"message":"Route found for /Qcms/edit/(.*?) : controllers\\QcmController/edit","context":{"context":"Router","part":"getRouteUrlParts","extra":null},"level":200,"level_name":"INFO","channel":"s5fc4a2ec7c61e","datetime":"2020-11-30T09:07:21.102465+01:00","extra":{}}
{"message":"Route found for /Qcms/updateModel/ : controllers\\QcmController/updateModel","context":{"context":"Router","part":"getRouteUrlParts","extra":null},"level":200,"level_name":"INFO","channel":"s5fc4a2ec7c61e","datetime":"2020-11-30T09:07:29.099495+01:00","extra":{}}
{"message":"UPDATE `qcm` SET `id`= :id,`name`= :name,`description`= :description,`cdate`= :cdate,`status`= :status,`idUser`= :idUser WHERE `id`= :id","context":{"context":"DAOUpdates","part":"update","extra":null},"level":200,"level_name":"INFO","channel":"s5fc4a2ec7c61e","datetime":"2020-11-30T09:07:29.168454+01:00","extra":{}}
{"message":"{\"id\":\"1\",\"name\":\"Evaluation Culture G\",\"description\":\"Test tes connaissances en Culture g\\u00e9n\\u00e9rale\",\"cdate\":\"2020-11-30T08:54:00\",\"status\":\"Oui ?\",\"idUser\":\"1\"}","context":{"context":"DAOUpdates","part":"Key and values","extra":null},"level":200,"level_name":"INFO","channel":"s5fc4a2ec7c61e","datetime":"2020-11-30T09:07:29.168516+01:00","extra":{}}
{"message":"Insertion des valeurs dans la table association 'qcmquestion'","context":{"context":"DAOUpdates","part":"InsertMany","extra":null},"level":200,"level_name":"INFO","channel":"s5fc4a2ec7c61e","datetime":"2020-11-30T09:07:29.191550+01:00","extra":{}}
{"message":"Route found for /Qcms/edit/(.*?) : controllers\\QcmController/edit","context":{"context":"Router","part":"getRouteUrlParts","extra":null},"level":200,"level_name":"INFO","channel":"s5fc4a2ec7c61e","datetime":"2020-11-30T09:07:31.161593+01:00","extra":{}}
{"message":"SELECT COUNT(*) FROM `answer`","context":{"context":"Database","part":"prepareAndFetchColumn","extra":null},"level":200,"level_name":"INFO","channel":"s5fc4a2ec7c61e","datetime":"2020-11-30T09:11:04.863170+01:00","extra":{}}
{"message":"SELECT COUNT(*) FROM `exam`","context":{"context":"Database","part":"prepareAndFetchColumn","extra":null},"level":200,"level_name":"INFO","channel":"s5fc4a2ec7c61e","datetime":"2020-11-30T09:11:04.865625+01:00","extra":{}}
{"message":"SELECT COUNT(*) FROM `examoption`","context":{"context":"Database","part":"prepareAndFetchColumn","extra":null},"level":200,"level_name":"INFO","channel":"s5fc4a2ec7c61e","datetime":"2020-11-30T09:11:04.866201+01:00","extra":{}}
{"message":"SELECT COUNT(*) FROM `group`","context":{"context":"Database","part":"prepareAndFetchColumn","extra":null},"level":200,"level_name":"INFO","channel":"s5fc4a2ec7c61e","datetime":"2020-11-30T09:11:04.866768+01:00","extra":{}}
{"message":"SELECT COUNT(*) FROM `option`","context":{"context":"Database","part":"prepareAndFetchColumn","extra":null},"level":200,"level_name":"INFO","channel":"s5fc4a2ec7c61e","datetime":"2020-11-30T09:11:04.867309+01:00","extra":{}}
{"message":"SELECT COUNT(*) FROM `qcm`","context":{"context":"Database","part":"prepareAndFetchColumn","extra":null},"level":200,"level_name":"INFO","channel":"s5fc4a2ec7c61e","datetime":"2020-11-30T09:11:04.867931+01:00","extra":{}}
{"message":"SELECT COUNT(*) FROM `question`","context":{"context":"Database","part":"prepareAndFetchColumn","extra":null},"level":200,"level_name":"INFO","channel":"s5fc4a2ec7c61e","datetime":"2020-11-30T09:11:04.868491+01:00","extra":{}}
{"message":"SELECT COUNT(*) FROM `tag`","context":{"context":"Database","part":"prepareAndFetchColumn","extra":null},"level":200,"level_name":"INFO","channel":"s5fc4a2ec7c61e","datetime":"2020-11-30T09:11:04.869038+01:00","extra":{}}
{"message":"SELECT COUNT(*) FROM `user`","context":{"context":"Database","part":"prepareAndFetchColumn","extra":null},"level":200,"level_name":"INFO","channel":"s5fc4a2ec7c61e","datetime":"2020-11-30T09:11:04.869607+01:00","extra":{}}
{"message":"SELECT COUNT(*) FROM `useranswer`","context":{"context":"Database","part":"prepareAndFetchColumn","extra":null},"level":200,"level_name":"INFO","channel":"s5fc4a2ec7c61e","datetime":"2020-11-30T09:11:04.870190+01:00","extra":{}}
{"message":"SELECT COUNT(*) FROM `usergroup`","context":{"context":"Database","part":"prepareAndFetchColumn","extra":null},"level":200,"level_name":"INFO","channel":"s5fc4a2ec7c61e","datetime":"2020-11-30T09:11:04.870723+01:00","extra":{}}
{"message":"SELECT COUNT(*) FROM `exam` WHERE 1=1","context":{"context":"Database","part":"prepareAndFetchColumn","extra":null},"level":200,"level_name":"INFO","channel":"s5fc4a2ec7c61e","datetime":"2020-11-30T09:11:07.924455+01:00","extra":{}}
{"message":"SELECT COUNT(*) FROM `group` WHERE 1=1","context":{"context":"Database","part":"prepareAndFetchColumn","extra":null},"level":200,"level_name":"INFO","channel":"s5fc4a2ec7c61e","datetime":"2020-11-30T09:11:41.988098+01:00","extra":{}}
{"message":"SELECT COUNT(*) FROM `question` WHERE 1=1","context":{"context":"Database","part":"prepareAndFetchColumn","extra":null},"level":200,"level_name":"INFO","channel":"s5fc4a2ec7c61e","datetime":"2020-11-30T09:13:13.450340+01:00","extra":{}}
{"message":"SELECT COUNT(*) FROM `qcm` WHERE 1=1","context":{"context":"Database","part":"prepareAndFetchColumn","extra":null},"level":200,"level_name":"INFO","channel":"s5fc4a2ec7c61e","datetime":"2020-11-30T09:13:14.637450+01:00","extra":{}}
{"message":"SELECT COUNT(*) FROM `group` WHERE 1=1","context":{"context":"Database","part":"prepareAndFetchColumn","extra":null},"level":200,"level_name":"INFO","channel":"s5fc4a2ec7c61e","datetime":"2020-11-30T09:13:34.607189+01:00","extra":{}}
{"message":"SELECT COUNT(*) FROM `answer`","context":{"context":"Database","part":"prepareAndFetchColumn","extra":null},"level":200,"level_name":"INFO","channel":"s5fc4a2ec7c61e","datetime":"2020-11-30T09:15:53.095312+01:00","extra":{}}
{"message":"SELECT COUNT(*) FROM `exam`","context":{"context":"Database","part":"prepareAndFetchColumn","extra":null},"level":200,"level_name":"INFO","channel":"s5fc4a2ec7c61e","datetime":"2020-11-30T09:15:53.097994+01:00","extra":{}}
{"message":"SELECT COUNT(*) FROM `examoption`","context":{"context":"Database","part":"prepareAndFetchColumn","extra":null},"level":200,"level_name":"INFO","channel":"s5fc4a2ec7c61e","datetime":"2020-11-30T09:15:53.098579+01:00","extra":{}}
{"message":"SELECT COUNT(*) FROM `group`","context":{"context":"Database","part":"prepareAndFetchColumn","extra":null},"level":200,"level_name":"INFO","channel":"s5fc4a2ec7c61e","datetime":"2020-11-30T09:15:53.099185+01:00","extra":{}}
{"message":"SELECT COUNT(*) FROM `option`","context":{"context":"Database","part":"prepareAndFetchColumn","extra":null},"level":200,"level_name":"INFO","channel":"s5fc4a2ec7c61e","datetime":"2020-11-30T09:15:53.099751+01:00","extra":{}}
{"message":"SELECT COUNT(*) FROM `qcm`","context":{"context":"Database","part":"prepareAndFetchColumn","extra":null},"level":200,"level_name":"INFO","channel":"s5fc4a2ec7c61e","datetime":"2020-11-30T09:15:53.100328+01:00","extra":{}}
{"message":"SELECT COUNT(*) FROM `question`","context":{"context":"Database","part":"prepareAndFetchColumn","extra":null},"level":200,"level_name":"INFO","channel":"s5fc4a2ec7c61e","datetime":"2020-11-30T09:15:53.100902+01:00","extra":{}}
{"message":"SELECT COUNT(*) FROM `tag`","context":{"context":"Database","part":"prepareAndFetchColumn","extra":null},"level":200,"level_name":"INFO","channel":"s5fc4a2ec7c61e","datetime":"2020-11-30T09:15:53.101440+01:00","extra":{}}
{"message":"SELECT COUNT(*) FROM `user`","context":{"context":"Database","part":"prepareAndFetchColumn","extra":null},"level":200,"level_name":"INFO","channel":"s5fc4a2ec7c61e","datetime":"2020-11-30T09:15:53.101994+01:00","extra":{}}
{"message":"SELECT COUNT(*) FROM `useranswer`","context":{"context":"Database","part":"prepareAndFetchColumn","extra":null},"level":200,"level_name":"INFO","channel":"s5fc4a2ec7c61e","datetime":"2020-11-30T09:15:53.102571+01:00","extra":{}}
{"message":"SELECT COUNT(*) FROM `usergroup`","context":{"context":"Database","part":"prepareAndFetchColumn","extra":null},"level":200,"level_name":"INFO","channel":"s5fc4a2ec7c61e","datetime":"2020-11-30T09:15:53.103143+01:00","extra":{}}
{"message":"Route found for /Groups/(index/)? : controllers\\GroupController/index","context":{"context":"Router","part":"getRouteUrlParts","extra":null},"level":200,"level_name":"INFO","channel":"s5fc4a2ec7c61e","datetime":"2020-11-30T09:15:59.101970+01:00","extra":{}}
{"message":"SELECT COUNT(*) FROM `group` WHERE 1=1","context":{"context":"Database","part":"prepareAndFetchColumn","extra":null},"level":200,"level_name":"INFO","channel":"s5fc4a2ec7c61e","datetime":"2020-11-30T09:15:59.171772+01:00","extra":{}}
{"message":"Route found for /Groups/newModel/(.*?) : controllers\\GroupController/newModel","context":{"context":"Router","part":"getRouteUrlParts","extra":null},"level":200,"level_name":"INFO","channel":"s5fc4a2ec7c61e","datetime":"2020-11-30T09:16:01.570082+01:00","extra":{}}
{"message":"Route found for /Groups/(index/)? : controllers\\GroupController/index","context":{"context":"Router","part":"getRouteUrlParts","extra":null},"level":200,"level_name":"INFO","channel":"s5fc4a2ec7c61e","datetime":"2020-11-30T09:20:25.374373+01:00","extra":{}}
{"message":"SELECT COUNT(*) FROM `group` WHERE 1=1","context":{"context":"Database","part":"prepareAndFetchColumn","extra":null},"level":200,"level_name":"INFO","channel":"s5fc4a2ec7c61e","datetime":"2020-11-30T09:20:25.457242+01:00","extra":{}}
{"message":"Route found for /Groups/(index/)? : controllers\\GroupController/index","context":{"context":"Router","part":"getRouteUrlParts","extra":null},"level":200,"level_name":"INFO","channel":"s5fc4a2ec7c61e","datetime":"2020-11-30T09:20:38.690398+01:00","extra":{}}
{"message":"SELECT COUNT(*) FROM `group` WHERE 1=1","context":{"context":"Database","part":"prepareAndFetchColumn","extra":null},"level":200,"level_name":"INFO","channel":"s5fc4a2ec7c61e","datetime":"2020-11-30T09:20:38.760115+01:00","extra":{}}
{"message":"Route found for /Groups/newModel/(.*?) : controllers\\GroupController/newModel","context":{"context":"Router","part":"getRouteUrlParts","extra":null},"level":200,"level_name":"INFO","channel":"s5fc4a2ec7c61e","datetime":"2020-11-30T09:20:40.649362+01:00","extra":{}}
{"message":"Route found for /Groups/(index/)? : controllers\\GroupController/index","context":{"context":"Router","part":"getRouteUrlParts","extra":null},"level":200,"level_name":"INFO","channel":"s5fc4a2ec7c61e","datetime":"2020-11-30T09:21:27.183622+01:00","extra":{}}
{"message":"SELECT COUNT(*) FROM `group` WHERE 1=1","context":{"context":"Database","part":"prepareAndFetchColumn","extra":null},"level":200,"level_name":"INFO","channel":"s5fc4a2ec7c61e","datetime":"2020-11-30T09:21:27.250666+01:00","extra":{}}
{"message":"Route found for /Groups/newModel/(.*?) : controllers\\GroupController/newModel","context":{"context":"Router","part":"getRouteUrlParts","extra":null},"level":200,"level_name":"INFO","channel":"s5fc4a2ec7c61e","datetime":"2020-11-30T09:21:28.662471+01:00","extra":{}}
{"message":"Route found for /Groups/(index/)? : controllers\\GroupController/index","context":{"context":"Router","part":"getRouteUrlParts","extra":null},"level":200,"level_name":"INFO","channel":"s5fc4a2ec7c61e","datetime":"2020-11-30T09:22:19.006184+01:00","extra":{}}
{"message":"SELECT COUNT(*) FROM `group` WHERE 1=1","context":{"context":"Database","part":"prepareAndFetchColumn","extra":null},"level":200,"level_name":"INFO","channel":"s5fc4a2ec7c61e","datetime":"2020-11-30T09:22:19.075105+01:00","extra":{}}
{"message":"Route found for /Groups/newModel/(.*?) : controllers\\GroupController/newModel","context":{"context":"Router","part":"getRouteUrlParts","extra":null},"level":200,"level_name":"INFO","channel":"s5fc4a2ec7c61e","datetime":"2020-11-30T09:22:19.876785+01:00","extra":{}}
{"message":"Route found for /Groups/(index/)? : controllers\\GroupController/index","context":{"context":"Router","part":"getRouteUrlParts","extra":null},"level":200,"level_name":"INFO","channel":"s5fc4a2ec7c61e","datetime":"2020-11-30T09:24:21.559996+01:00","extra":{}}
{"message":"SELECT COUNT(*) FROM `group` WHERE 1=1","context":{"context":"Database","part":"prepareAndFetchColumn","extra":null},"level":200,"level_name":"INFO","channel":"s5fc4a2ec7c61e","datetime":"2020-11-30T09:24:21.642753+01:00","extra":{}}
{"message":"Route found for /Groups/newModel/(.*?) : controllers\\GroupController/newModel","context":{"context":"Router","part":"getRouteUrlParts","extra":null},"level":200,"level_name":"INFO","channel":"s5fc4a2ec7c61e","datetime":"2020-11-30T09:24:23.307304+01:00","extra":{}}
